437
0 3104 79 2563 1478 3078 8711 6665 9226 14 7695 18 7219 5654 2584 2649 431 4765 7198 
1 9777 2049 5698 8195 9733 1105 519 9 6187 1071 3601 9234 2563 8724 9237 5142 
2 5120 7169 7682 6661 9404 7691 6669 4622 5135 1049 3929 7195 2146 7198 4613 
3 2560 4100 569 9222 935 7688 3596 8714 9239 2732 525 14 1039 6613 6134 5463 4612 
4 1056 4354 7207 7720 1034 199 9740 9762 2063 5848 5463 8216 1054 
5 9216 1537 2562 3115 7174 8711 8233 5643 7791 9218 9743 5748 4628 9237 9753 8729 9755 9301 6174 1079 
6 3584 1026 4099 6 3079 4104 4620 7693 7694 2577 3 7188 2670 3094 7413 7704 3610 5758 4126 8223 
7 9216 4608 3106 3619 6149 321 9225 2615 8207 1042 2582 7703 9241 5661 7710 6661 
8 2240 4097 1058 8739 3108 8134 321 6121 3114 6155 8716 3885 2092 8784 7698 2586 1083 8732 2986 
9 8704 256 5379 0 5831 3082 9387 7340 7762 9746 8883 3606 569 9755 9758 
10 8113 9731 8388 8293 3079 6664 8203 2060 7438 7695 5649 6258 7700 3605 3990 1560 6916 6170 
12 3137 2055 2327 716 6669 4622 5135 2288 1752 8215 1560 2073 3610 7002 3614 
13 4128 6689 1061 3590 9735 6152 551 550 2158 560 6674 6675 21 183 3416 3099 8125 
14 7713 7682 5668 3877 7174 7183 2066 7699 4628 21 1046 3095 2340 4122 5660 4314 4638 
15 2240 1 6691 2013 7686 7689 1034 1710 3599 1040 9747 6196 5654 4457 1625 1053 6686 9087 
16 6274 5219 1572 1541 2058 6155 5132 3074 5134 4113 4114 8724 1558 3161 
17 1025 6308 4613 3591 8200 7689 1079 5132 7181 8206 8721 8210 6675 9751 
18 7681 6146 7 8712 6666 5131 4108 6669 6161 4627 21 1562 2590 6688 7716 6695 1451 1079 3783 9545 2892 2666 116 
19 1313 2051 8708 8709 2566 6663 2057 8109 5646 5909 2582 8729 2555 
20 3585 7429 4616 3594 6189 5134 4909 2704 7186 5651 5653 1110 6488 6170 4636 3359 
21 516 5126 6152 2603 5135 9748 6998 7703 9240 2073 2074 6685 30 
23 2050 518 2567 8200 11 12 4866 3086 7048 8878 2586 7285 
24 4352 7681 6658 4131 6150 5126 9735 4176 521 3084 3597 1039 1085 5137 7413 76 6327 1199 5149 
25 5121 7682 4131 5636 4101 2054 3751 9453 528 8210 3603 4501 8375 8728 4612 7120 9244 7197 574 2079 
26 2563 7206 5638 4679 4616 2569 5130 4619 7692 8717 5064 9745 3091 6164 4185 5962 
27 8192 1025 2050 1027 9220 7296 4107 7652 2607 9236 2072 4633 4634 8495 8732 6778 6687 
28 6656 3585 3075 7172 1541 2054 5412 6664 553 7210 3083 7180 2477 7438 9968 8793 
29 9728 1121 8387 3588 3830 4103 4104 6153 6695 7727 775 2577 9780 8 553 6938 79 9968 2078 
30 3073 2 8195 5668 3589 16 5889 1032 5962 6701 6192 6161 9235 6164 8725 8726 2137 3675 
31 6144 4640 4099 7685 8234 5677 9743 8624 2904 18 2580 1566 1876 3929 2555 5661 2302 
32 257 6149 3078 9736 2569 3594 528 2580 9633 3877 6049 172 1709 8110 7178 447 2240 6343 8406 1113 2396 4346 
33 1025 3074 5507 133 1793 7695 2576 1041 6164 537 4635 6686 7713 3106 4647 8233 3634 7751 9301 4311 2395 7012 
34 8228 519 6236 935 5643 3084 9197 7694 2575 79 5652 6734 1878 7192 2653 412 2075 3079 8733 8734 
35 5638 8199 6153 10 2059 2061 6672 6161 9234 9139 569 9241 1050 27 1053 2962 
36 1026 517 6662 6664 3083 3088 3089 537 4635 540 3615 8227 5670 9255 552 5172 8125 3144 1369 1383 935 9968 6778 
37 1570 4099 3589 5126 8201 5644 5647 8720 8212 7413 8406 5463 9816 1722 3103 
38 5633 8227 6692 22 1 4617 3755 7693 8210 2068 9237 2390 9241 2393 6101 6635 
39 1024 19 516 9223 2071 2573 1134 5648 7186 6547 532 1774 1750 1879 1625 2074 
40 7553 8994 9 8715 5134 3184 1041 3603 20 1045 1878 2072 1561 8218 7195 9562 3758 
42 7296 4100 6662 9735 2057 6668 525 2574 3090 3603 2581 7191 9758 8226 7206 7210 6153 4569 90 8284 3936 5880 
43 9729 5131 7949 5125 1105 9736 4617 2570 7595 6258 5134 6671 2064 2097 2058 4117 7709 5149 
44 7681 6179 4 56 7713 7720 8715 428 529 6547 5172 22 9783 2584 1081 5150 
45 3232 6689 2 3109 4134 5128 745 5962 2155 5646 8125 4115 8014 4184 5286 5149 1054 7221 
46 9728 7200 8194 1058 6149 7174 9993 1546 3371 9740 8706 526 1583 3089 8725 22 1559 4633 7296 3885 1625 
47 7682 9219 8920 3078 5127 6696 7880 2222 1039 1552 5144 6488 1049 4634 
48 4865 5122 8707 3032 9734 9249 1546 9259 7652 8720 5752 5652 4119 1048 5657 538 1066 
49 8832 513 6659 5124 9733 8193 9736 523 2240 8717 3086 5137 9731 7413 6678 1047 1668 4314 5150 2085 
50 2049 7170 4134 9222 1064 7179 4108 3597 2575 7700 4631 5656 148 5645 542 
51 9475 3589 2054 4967 5642 4267 9740 7438 9745 8722 87 1560 3163 3101 
52 5120 4097 6146 1027 935 8715 6658 4111 2962 7171 564 4855 5656 1145 9244 
53 1 6402 8491 2053 4617 3595 5646 4623 208 2611 4629 7699 1562 1051 6428 6938 6613 
54 7201 1539 2598 774 935 1647 1546 4109 1038 3245 7185 4627 8212 4782 4950 5655 9755 7199 
55 9248 2736 1578 4613 4842 5643 1036 2576 9234 9236 537 1051 28 2077 8223 
56 5632 2053 4199 2569 5131 8013 4133 6672 6161 625 8214 5673 5209 3023 3613 542 8735 
57 3074 1923 2052 7366 9223 7692 3082 3244 6701 9007 8994 9240 9013 5507 2581 3894 5143 4696 4100 4123 2773 
58 513 4611 548 3105 8705 7177 935 8935 2572 9743 1040 4035 6676 4117 7468 7706 7791 5821 
59 3904 7169 2 4035 5156 3109 9222 519 1132 9739 2572 3885 1038 9232 2577 1366 
60 7681 8354 9734 4616 3113 9738 5869 5137 3090 6166 536 1145 5146 
61 512 1570 5668 3461 518 4199 5193 5642 1035 369 6669 686 47 4401 3666 3894 6702 7702 6168 9241 6170 
62 2240 4609 9218 3075 2561 6152 427 1548 7181 6160 7185 4035 7604 5175 148 6685 
63 9216 3074 7267 1668 5894 6150 6152 5193 7691 9740 4623 7184 7880 9842 2067 6197 7702 600 79 6021 
64 7200 2081 4176 6147 7685 9734 9224 4619 5645 3600 2600 5138 8754 8212 1145 8134 2073 6827 9757 9246 3109 
65 7682 9737 1546 5131 6547 2573 8206 9746 2067 3092 3190 1880 7705 9755 
66 5664 4353 4866 6149 76 2058 8363 2060 6573 5869 8720 6673 8723 6743 9239 3099 9852 7709 9545 7711 
67 1121 9218 2819 519 4170 4199 2572 2062 15 1571 4626 6163 4629 535 8731 6685 
68 9216 1030 6151 2056 1545 3594 523 5134 6672 5138 4117 8790 3113 135 
69 9216 1026 4651 8709 8198 2056 9227 9741 2327 9777 7186 7699 5652 533 23 4027 
70 6658 3332 9221 6855 4170 7266 9231 3600 1555 3092 5654 4631 3096 8733 30 
71 8736 7234 1611 6 4614 5127 6666 7179 9245 3245 4621 3089 4341 2071 1048 8731 7178 
73 9728 9220 2567 9224 7692 7762 1710 7186 3478 3608 1563 
74 6144 560 6663 3756 4109 4014 1039 3504 2067 9241 9560 9305 6686 
76 1024 6145 5638 9223 9225 935 3623 4013 6063 1601 5649 4115 5141 5206 7708 
77 7680 7682 7683 8708 177 3836 7691 1644 4610 2477 3088 3096 9842 6659 6067 3416 3099 9852 5149 7864 
78 3616 2564 2565 2566 4647 8780 10 3596 5133 3117 2066 7762 1625 4612 4123 2077 542 6687 
79 6144 7937 5634 2563 8710 7240 5129 5130 1035 7852 4610 3074 9199 2065 3 2071 5322 
80 4097 4098 3012 6662 1537 7240 8713 1548 6158 6192 8721 9374 2576 5662 4639 
81 6144 7680 1027 7172 6663 1544 1036 2574 5647 7187 148 5848 2074 2240 9343 
82 8406 5211 5125 8422 1105 3080 2155 1071 9233 9234 21 5654 7513 2587 4124 
83 9728 4097 2051 2053 2566 9224 8910 7756 9741 9742 9842 7683 6676 4021 2070 6170 2076 6173 6174 
84 4608 4096 6667 1572 3113 2219 9741 5134 16 1555 2585 1881 
85 5152 5040 548 5 6 2600 4106 5164 1040 2643 531 8216 3609 1563 8069 9757 1066 
86 5632 2240 3074 5412 6161 9227 6547 4109 2478 3599 17 5138 8307 1044 6030 1046 9240 4697 8116 6196 
87 8192 8235 4 1238 523 13 7438 6160 5654 5143 1562 9755 2085 7210 7083 7597 9007 3507 7732 9270 1979 9795 8910 854 7157 1534 
88 2048 6187 518 9 4631 7852 7693 9230 1583 8722 1555 9428 8213 1623 5652 4314 75 5212 2555 5151 
89 7744 7296 3586 6178 2340 1125 7207 5162 9831 5804 9730 8462 5647 560 7791 9235 3604 1557 7735 5211 4157 
91 7680 7200 1027 7725 8718 5136 529 7683 532 238 534 4695 5848 9754 8220 
92 2240 1793 8130 3075 3078 4129 1544 9230 8207 2065 1554 3843 1134 8727 7736 1562 6171 9757 
93 5153 547 3622 5127 8713 1546 583 8716 1549 9007 5137 3093 2617 9245 6174 7199 
94 2049 1059 1029 9737 4618 2059 6159 7864 8722 3081 533 5143 8728 
96 9728 1027 2564 5637 9734 519 5291 3087 5649 2611 3877 9239 538 7791 8293 
97 33 3 4118 4614 1453 3758 17 6162 6675 5140 6613 1654 2584 61 7710 1343 
98 4096 5634 2566 5127 5641 10 7691 5135 7696 4629 9238 3095 9244 9565 
99 2048 5379 2155 7852 3629 2030 5099 9745 3090 9236 2830 9718 4631 564 2589 
100 8960 1027 1545 1034 9842 7183 3600 5138 6163 4120 8220 3101 
101 258 1541 6696 3592 3095 5644 8721 530 22 1111 5146 2685 447 
102 1024 2113 5123 7940 4679 524 8621 4622 4176 2643 6164 6101 1238 23 5656 6172 
104 3074 518 5639 3592 9225 6315 7692 9389 1552 9234 4115 7285 2583 
105 3936 3 6613 7691 3597 7438 7183 7697 8821 2615 8538 4655 7996 4126 3605 
106 6688 8737 34 3075 7173 6151 5639 1580 7759 5649 5715 4635 9788 2589 4638 1125 
107 4608 5163 4 6149 1033 5803 3597 3630 925 6164 1774 4118 3095 1048 1501 
108 6145 3073 7689 3114 7344 3084 321 8720 5137 1044 8022 2583 116 2587 3100 30 
109 8706 9220 8293 6 935 1036 6157 6158 8431 8721 5715 2069 535 3802 
110 4640 6657 5634 8961 552 1961 9258 9231 2578 6677 1601 3113 6296 554 8222 
111 6145 7266 4100 2059 3084 5133 4113 6674 9747 8724 3894 2074 2962 
112 7680 9217 7172 6663 3592 2121 79 6667 9231 8720 7732 8559 9968 9822 
113 0 1028 6 935 7880 3012 8717 2063 4112 6164 3093 9239 1668 8284 9301 
114 9729 5666 5155 1060 3077 6 1287 3080 5161 5386 2 4141 9745 9347 7700 7702 5207 3673 7234 5149 
117 2561 514 7684 4613 550 6145 8812 3594 5035 7692 526 1039 9745 935 8431 4661 3111 6161 
118 2048 4160 2 5638 1056 8256 8201 3755 7170 3758 6163 41 3894 7639 4664 9305 6458 2907 2773 
119 516 4101 9734 9735 9224 1542 4619 9228 7709 7184 17 1074 21 2582 311 7864 3101 
120 4096 7716 7173 7687 8232 4135 7084 2617 8723 1623 1079 8252 5150 4133 
121 3104 6146 7174 7751 3592 6153 6187 3084 7949 238 1551 1553 6163 2646 
122 8994 2907 4645 4680 7177 7690 7756 7181 3758 1042 3604 1238 5144 6169 539 5172 
123 514 7683 9254 9260 8962 7246 5136 3377 4110 2584 4121 1565 
124 1538 5635 6151 2056 5865 1613 5134 9746 8723 7086 3097 6683 3932 7197 5663 
125 2327 3105 8194 5445 5670 8199 7207 2222 8753 6258 2100 1134 598 87 9852 1565 6101 
126 1538 7652 1238 9255 4104 3500 9643 7692 5549 8431 4113 2579 2069 9238 2650 6683 7709 9533 
127 4608 5632 1507 1029 5127 2057 4106 9719 2060 205 4623 5507 6153 87 2072 
128 5634 5154 2596 6663 8235 2306 2066 7379 7367 9237 4631 1561 1050 5662 
129 6688 2593 2 7173 8201 1034 9740 6705 534 6487 6712 5337 6938 1979 5148 6698 
130 8224 4609 5762 9219 5636 1029 4103 523 1550 944 3089 2563 4628 7189 3094 548 5553 4901 
131 5155 6402 9731 3894 5126 7 1299 5130 1035 7949 14 8431 1041 9746 8707 4782 5654 26 
134 8195 5124 4134 518 7772 6156 2477 857 3982 2391 856 2148 6681 7196 6175 
135 9216 7680 5634 2051 2564 9281 7713 6537 7795 7852 525 9475 532 4117 9239 6938 
137 8192 5634 5123 3588 8293 9223 7176 2058 5133 3598 1042 4884 6613 
138 9728 9729 2051 9220 4101 3592 9 6667 7213 7699 1555 
139 1121 1028 5462 2633 6445 3086 9135 1968 9238 4634 4124 7710 543 
140 1569 8706 3601 9224 12 583 5036 7181 238 44 6257 8332 2611 2069 6327 2077 5662 
141 5473 8708 8709 5126 9735 2121 2572 9741 1038 7184 5137 8722 4627 1625 7742 2340 
142 5664 9217 34 2307 6916 7 2569 5130 7883 5644 6672 7185 5665 535 3675 7708 9757 2591 
143 512 673 7170 8387 7175 2892 9225 6667 3084 625 9842 7732 8213 8406 24 9241 3099 7709 1580 
144 2288 8705 2114 7755 7684 1543 9258 2059 8717 3376 7344 8753 3379 4116 6331 3894 5636 2704 8763 7997 
145 7680 0 3587 6148 5142 7169 8968 521 9260 9615 7120 4626 1539 2069 3670 3543 4985 9007 
146 7168 8706 515 3012 3077 7174 5131 9740 525 5549 2064 177 6613 3703 9912 
147 6657 6146 6659 9222 3080 2569 4106 3607 3630 6744 7184 3089 2643 5340 5788 6871 6216 9755 2588 
148 9216 8193 3074 1347 6404 6827 8881 8705 9739 2 7823 1041 1524 7221 7153 7704 1049 8219 28 7883 
149 4416 3104 2155 6161 518 6 8199 2568 8203 1548 9229 7759 2065 5139 6676 2327 1560 
150 3616 3842 8740 6693 5126 44 8746 6956 3666 1774 1552 9746 1043 6678 5663 
151 9732 3079 1544 7212 8202 12 4621 3598 5677 8720 2066 979 5748 5141 84 541 
152 8224 5377 1058 9220 517 7176 5803 5677 7694 7695 8721 18 9075 7732 4631 1149 
153 2816 6177 290 3114 6534 6665 2570 939 7202 5038 7709 4156 3160 4627 9239 6712 9756 5043 447 
155 2288 4355 7173 4646 5639 6729 9738 9230 1117 3120 8739 2962 8195 5172 8731 8732 9139 
156 1121 8994 5156 5286 9734 8199 8713 1034 2060 6157 2063 1552 17 2578 3877 7702 3113 5848 6054 540 3109 
157 5121 5382 518 9761 1032 551 2574 7183 9232 2577 9241 5752 5465 1051 9244 4637 
158 5120 4352 5636 9223 1034 2062 8208 1561 9242 539 8220 8733 30 4639 550 9129 5437 321 3012 7751 9559 2666 
159 0 1024 3075 5124 9 8202 8206 2063 8722 6030 7707 
160 8256 9217 1027 4615 3082 1547 8722 5651 9748 3607 4440 3673 3101 4311 
161 2048 5664 4098 36 4170 4855 1026 1550 4623 8720 2962 6676 8214 9239 2904 1050 6778 3102 6687 
162 6148 4614 8711 1546 7179 2060 8205 7696 1044 1052 9757 1055 8738 2083 36 8233 2480 1611 7762 1880 3728 3836 
163 7168 7169 9219 4101 2057 10 2574 1555 7700 8213 3098 5659 935 9261 6326 7438 4569 6369 7266 9836 7413 8830 
164 7169 7202 2051 2598 3592 3243 2573 3599 9237 7894 7883 3418 9404 8735 
165 8289 8706 6659 5654 9736 8962 4110 5135 8210 9236 8110 6134 663 7194 9659 8733 
166 5634 8387 3885 7687 7304 6665 5175 1548 2061 15 2288 8722 8233 5975 9273 8125 
167 8704 3584 3717 8199 9736 6665 5644 7438 6675 8832 9755 1566 5151 5666 2611 2630 3783 6226 6232 7782 7296 4728 
168 5632 4609 8203 5412 9221 7686 4199 521 1450 1963 6675 139 7705 538 2077 
169 8704 1025 4100 3078 5121 2056 9740 5647 2066 5651 4757 4950 8217 4527 3103 
170 256 513 35 1984 6054 3585 2057 6061 2061 17 1043 7703 8217 2075 5660 4637 7742 
171 1280 6146 3 979 3079 3084 9474 2577 1299 6676 2581 7153 5175 5144 540 541 4126 2591 
172 1025 5666 4132 8231 6153 5130 3595 7695 5652 6167 3160 6490 7855 8125 
173 3072 4353 4098 6150 7176 7949 4114 2068 1045 3101 6571 5677 9139 1077 9270 3012 7240 5326 79 2136 4314 2288 9842 
174 8708 5127 552 9545 6156 7086 2589 9232 7880 4786 2580 598 4120 7652 155 1245 
175 6689 4134 1030 2113 8712 1033 523 321 3088 560 6166 535 3418 27 
176 7680 321 2571 8 6315 2578 6163 7733 8792 7193 5340 3614 9247 
177 9281 8994 4099 3012 3836 4616 8201 6699 8236 8720 7697 2387 4695 7864 8729 6682 540 1566 
178 4608 8224 8994 5412 3077 8134 4641 4232 3164 14 1752 8754 2067 1496 536 1050 3611 3612 3613 
179 4640 6147 8708 3081 5643 5644 4624 6258 2068 7702 8841 6148 8026 9243 3165 2590 6196 
180 4610 3 8794 5638 13 6670 2063 16 9234 7188 5869 534 2071 6584 2586 9404 5661 
181 5121 1058 5307 1668 5637 5377 7815 1555 20 9301 6166 6871 8219 5148 
182 5635 4 6149 4356 3591 9736 2058 527 1552 6161 8195 2068 8729 8731 7710 7173 5412 7210 4151 4170 5715 4962 
183 7680 6146 4613 8711 8194 6670 689 1555 3092 6744 4634 2587 6938 979 1343 
184 1984 2049 9218 1668 9734 9991 3592 2570 5132 5634 7694 3602 6675 7732 3927 7736 1145 1211 6686 
185 4099 7173 9735 5131 1036 3085 2063 7280 4625 6674 2131 7732 533 5849 
186 2048 3073 3586 1542 8705 8 2327 6669 3086 5552 4114 9237 7289 6680 345 1083 5661 
187 1536 7936 427 4630 9734 545 7296 4679 2060 4271 8622 2063 2580 1110 3607 4186 3087 3100 
188 5632 5121 4619 1028 3590 513 1032 8107 8720 9234 5139 3163 8284 427 
189 5267 
190 6660 6917 6662 6152 7945 5322 8235 5677 3086 7280 2065 8462 1109 3830 8708 9374 1125 
191 7713 5379 6660 9733 7521 8 6665 5135 8208 7191 2584 3097 8830 
192 6145 9218 1540 6149 6662 6152 4106 7194 4636 7709 551 1194 6187 46 1199 5558 5064 7762 3159 6744 6938 7790 9199 
193 1569 6146 4613 2055 1033 9739 321 5137 2581 7704 1562 9852 
194 256 2820 5638 2694 4103 9836 71 2572 3877 9646 2064 18 8883 7413 199 3079 8644 7706 2340 5150 37 
195 6144 5664 3618 8707 5636 2565 3078 3241 5322 9903 528 4326 6677 5142 1047 7736 9241 3610 3077 
196 5121 1058 7683 4100 7718 8711 1429 9257 7434 3595 5132 8110 8116 321 7575 9764 1371 2175 
197 7680 6690 2051 6404 1541 7782 1032 8716 5869 7694 5138 35 3894 4120 1564 8734 
198 2595 1028 8201 1547 7213 7183 7698 8217 9754 6831 6172 1053 
200 2081 8738 4611 4037 4134 935 5805 5134 79 1048 2066 6163 707 2680 2617 4127 
201 1536 6176 7691 516 3109 8455 4139 524 622 529 6258 532 3189 238 603 4199 30 6101 
202 6144 5473 7266 4613 518 1121 4808 7177 6666 1041 9237 3606 3609 8729 6280 4637 
203 1537 9988 2567 6152 4619 2988 3600 6676 3093 7702 8215 3160 3728 5660 
204 7266 1611 3395 7949 8293 8387 7 5640 522 7723 1037 15 2064 5650 1731 9842 6231 478 2591 
205 5120 7938 2595 7685 7174 8487 4616 7180 6667 5292 526 5650 3093 8727 3100 
206 2561 5890 3589 2054 9218 14 7188 5177 87 5657 6613 
207 1216 33 3675 518 6150 8200 9007 5053 2288 7186 7219 1559 536 5657 2075 5724 2109 1791 
208 1 2563 6258 5128 8812 3597 8719 8720 7762 6163 2100 2069 534 3673 6172 
209 3106 3587 6827 7688 1705 8202 3595 5645 4110 9231 9232 1553 4099 2729 1145 9244 
210 5122 2058 2055 3080 2569 3082 4110 9231 2608 2738 5141 8654 7706 8559 53 9247 
211 3584 514 2567 7688 8202 3595 1026 1038 2221 3089 1927 6938 
212 512 1216 5125 9225 5130 6667 557 1774 2575 4624 7192 1625 3672 4633 2586 5340 
216 4353 7170 5124 9222 5129 7693 1551 20 2581 2071 7000 9404 5917 9374 
217 3072 1121 5412 4101 2054 1031 1032 7177 5248 4523 1039 6160 5141 569 3096 25 5658 7759 8221 1429 
218 9007 5634 7949 4901 550 1705 6922 7085 1037 3602 2643 6004 4629 7254 6167 6168 2802 4122 79 541 
220 6731 5668 4326 8202 6699 9842 14 9743 5650 7189 6166 1111 7736 8219 4126 
221 352 4097 8706 2564 6149 5130 523 2061 5710 6692 3700 6164 7736 2649 539 
222 7680 4097 9474 3 6151 2568 5737 8202 1079 7180 9197 8812 7949 7184 4626 8462 4119 8026 30 6101 
223 9728 4609 9731 260 6149 1067 4525 6158 7791 2065 4626 5652 8406 1563 
224 6144 3584 8994 2603 6660 8197 7692 4107 716 7181 2605 4985 4115 5142 1559 1560 8491 79 3877 
225 6660 9221 5126 4104 6665 4151 1038 6833 7826 6676 7189 4119 2175 
226 3073 2596 4020 1071 4624 1553 6674 4627 6169 3159 3929 3611 8121 4638 
227 8705 7689 4110 15 4626 4117 8985 2591 33 8740 2085 3753 9260 9261 3637 183 2240 8387 1105 8025 3547 3553 
228 1536 513 9795 8 2569 6188 2061 8718 9903 8720 8722 2580 6325 5142 8252 8830 
229 3232 5634 9731 9270 520 3630 3103 8994 3342 7855 4116 6670 9750 5748 8218 1567 5148 6938 7710 3605 
230 2561 8130 7172 8197 3783 9257 9770 3627 9644 5166 9007 9842 1043 5437 7254 36 4170 4639 
231 9216 9474 5155 2182 4615 5322 4075 8910 2986 9842 9747 7190 9752 4633 9754 541 
232 1568 2340 2569 523 1039 1041 2643 6164 1557 9238 4631 1561 4271 1053 4638 
233 9248 514 2155 7173 7686 935 4616 9226 9765 8717 1552 9224 648 8213 4121 3870 2591 
234 6178 7171 1668 7365 935 9003 8203 9900 7597 8910 6157 5880 5652 6326 1145 24 8729 2587 5788 
235 5307 6661 9222 7689 3596 1134 3665 5139 599 7705 8922 8731 8733 
237 9730 515 4100 3590 2055 5898 9228 5134 548 9745 3982 3665 7769 7197 1567 
238 3617 6659 1668 7205 9222 3592 2128 3597 7183 8208 21 3479 3673 6101 
239 4180 7169 2562 8307 836 8225 4646 5121 6184 7209 7183 5715 5684 1496 1092 8732 
241 2816 5666 2596 6150 4103 3144 5340 79 8721 9842 4115 2070 5143 6744 9852 2685 3615 
242 8704 1794 9220 2568 7177 6188 9901 5139 2580 3608 7257 1083 7234 8830 1791 
243 2240 6914 5156 2565 2567 2571 2562 3598 1040 4115 3093 1572 6170 2268 3135 
244 116 9250 443 2404 8198 79 8203 8236 2061 5679 3088 4114 4660 1572 5147 5662 
245 5121 2818 259 5412 7622 1793 9129 2058 6571 866 6030 9743 1296 5667 5869 536 3129 7751 9245 5662 
246 5121 3586 4613 518 5671 10 3074 1774 1040 529 2580 7767 5882 9243 1501 7742 
247 6145 3618 2307 3078 7175 1546 4621 1041 2962 3094 3099 1564 5661 
248 9216 2561 2562 8293 518 519 7176 3607 5645 9806 9231 3600 4113 4660 6231 1625 9968 
249 3585 3587 5128 9226 7084 5135 7186 1571 1556 7189 2902 2074 1066 
250 5248 8832 2818 4341 2340 3077 1542 7687 4105 9226 8203 3783 8208 8209 3091 9301 23 3096 412 7199 
251 6688 5217 1579 6710 4326 2407 7240 5468 2571 3757 973 1713 7219 5340 9238 1047 9273 2138 9244 8794 9758 
252 513 4099 8196 4614 5633 3081 522 7691 3596 526 2579 321 6168 6681 8730 
253 512 2155 2251 1028 7756 427 3084 9743 4113 4627 3604 21 6296 
254 9248 3074 1028 7207 6054 1041 3080 8406 2219 5293 175 6257 7285 8214 2135 7736 8708 3117 7708 4168 7413 
255 6656 2567 1063 9804 2029 9742 8269 3600 9746 4628 533 3190 183 7706 1052 1370 
256 5120 2561 4 7174 2056 1547 1228 3597 4365 176 9256 3602 
257 4176 7683 4356 1607 8812 1034 8203 5644 6158 5136 7697 3090 4627 1045 3894 6778 6428 2666 
260 2048 7681 2050 5507 7880 5638 2049 6744 9930 8716 9389 1550 9007 3600 3089 8210 3894 3768 8221 
261 1 8194 8227 5637 3078 1452 2050 3600 1553 2068 
262 1067 1028 647 5644 6547 4630 4635 5150 4127 6692 1576 3113 3371 941 2608 8245 447 6734 7204 8539 9309 7153 
263 8196 5381 6667 9740 6157 8720 8209 7698 5651 3605 22 7192 25 9244 
264 7296 7771 2051 6917 8775 6153 3082 5646 8208 2609 5715 3603 4182 2074 3163 732 478 
265 5121 2562 7171 4100 6662 2049 6152 8716 7434 8876 2733 3086 2643 6486 9048 6044 
266 907 1541 6155 3894 7181 942 5647 2064 3158 4115 22 27 3612 979 2555 
267 9728 0 5634 6659 8387 7174 4353 2240 3042 7153 2962 2595 1556 9239 8832 5150 
268 2049 6659 5125 8199 16 5713 3602 7701 8726 8215 4127 
269 2048 9216 9731 4102 935 7177 9738 6667 8716 1549 9230 4623 5974 1048 4636 
271 5632 4610 5123 3877 5639 6696 4108 2059 5132 4717 5175 3753 4114 7699 9236 5654 6679 2585 2746 6938 
272 5122 1059 5637 2566 2567 4616 2569 8714 4199 7170 7694 9224 530 7699 6164 5208 7737 7709 
273 3936 4610 8707 1668 3079 5128 521 6154 5131 3596 2573 3601 530 1283 5656 447 3103 
274 9842 2288 4612 3589 3079 7178 8717 9453 5136 2065 7186 2579 6196 21 1984 1625 4020 7519 
276 2304 5634 935 5642 7597 6158 8125 2288 7153 18 7188 5493 5142 9053 6677 
277 8994 75 5637 4616 4617 3125 1451 5677 7182 8284 1105 7699 9237 2679 8729 4634 9755 3612 7205 8062 9701 
279 2327 2561 3106 515 1121 5638 7 2060 7179 4524 8206 6159 5136 4113 1763 560 
280 8994 1283 8709 8134 8199 6327 4621 5647 2288 273 22 2071 2394 9819 1055 
281 6149 6406 7688 7438 527 5648 5649 5138 5141 8214 8220 8736 4614 8881 1459 2101 6711 7225 3012 5702 1117 4965 6770 761 
282 3586 5219 3109 4102 1031 3592 521 13 3759 6534 9842 5141 2646 6167 2586 5788 1117 8293 
283 5248 8193 4098 5154 2113 7240 4618 7219 8716 1794 4111 531 3605 8726 2585 
284 1280 9968 3 9733 9734 7 8200 5641 550 2572 6671 528 6737 1042 515 5437 6166 4439 9391 1117 9758 
285 6656 4097 4098 6660 1541 7688 7691 7762 8205 3758 4909 6673 1042 2068 6021 2586 9989 
286 9217 9219 1579 8726 4615 8712 9737 9227 3596 2288 6158 1601 2065 8195 9236 4787 1878 412 
287 2480 8134 3110 4326 9374 3503 8720 7185 7698 5139 2421 9814 9754 2650 5662 5151 
288 2240 4098 9795 9220 3591 2570 935 2060 8717 7438 3376 530 4115 4664 3609 5660 
289 5155 7170 3243 6678 1574 2571 8716 79 560 3090 7683 1044 6165 5718 2643 4035 447 
291 2592 7883 3588 7206 520 3081 1035 5646 8207 412 7762 6547 2555 7703 8216 7706 3103 28 8221 7198 1791 
292 3585 8130 1041 4129 1117 3593 6154 6155 8717 686 5647 17 7314 7699 4116 8406 7193 4636 4125 
293 1216 9219 9732 6258 4134 7688 5609 8812 4109 526 2607 8208 17 6162 9747 7190 8218 4909 
294 3584 8555 4326 3079 7720 8201 7691 557 9646 5647 2155 757 5976 6681 7259 4124 5663 
295 9760 2652 4132 6790 4134 2055 7208 7721 6699 4680 6547 9270 1047 3673 9755 2076 2590 
296 3072 8320 34 4099 6820 8726 2059 6669 5848 1042 7700 3414 9752 1561 
298 4096 2081 9220 8710 8 5898 526 2288 8722 2582 6680 9753 6778 6748 9252 
299 7680 4097 6658 2563 1541 1542 32 9736 9225 2155 2061 3728 8722 5141 1625 3103 
300 9248 8994 3075 5124 9226 2583 8204 2574 15 5649 148 21 5654 6999 7194 6973 
301 1569 7938 9219 836 2662 6662 3079 5129 935 6919 6668 6659 4629 6166 6185 6682 1563 395 
302 1060 2630 519 6664 9848 9834 3084 525 7790 7183 6161 8722 8211 4660 4117 4632 9753 2586 8047 9533 
303 3616 4611 7751 5160 2575 9265 6674 9235 7188 9398 4985 5679 26 5659 979 
304 2560 7216 2050 4099 2822 5639 7170 6671 4112 4113 8707 3316 4664 4121 
305 9731 2052 5638 6664 1289 6538 523 2076 2589 30 4127 1570 5667 1572 37 5670 3623 1064 1705 6698 3870 7736 8251 3651 8776 9299 7266 
306 9216 5 4529 2089 8748 3597 7694 9231 9233 4628 6166 537 3614 5151 
307 7169 6179 9827 6327 2092 1581 9806 9807 7762 19 8213 5897 1625 26 6683 3102 2175 
308 7713 3074 5123 6148 4614 7652 5198 8204 8717 9230 3012 9747 7701 5206 7513 4124 
311 3074 3075 4102 520 9738 4108 5135 4626 307 532 3094 2071 4121 4126 
312 2114 1067 516 37 1542 9735 3144 6695 8203 1042 2584 3602 7732 3414 8536 2585 5307 7708 2591 
313 5120 3104 9730 7204 9903 552 9644 2986 428 7693 3598 7695 4340 6134 5880 7652 7194 3119 5661 6538 8223 
315 9219 7697 1299 521 139 1550 4623 4177 18 6659 2068 8278 9751 6744 2100 8730 2643 
316 3330 3587 5412 5637 8199 7736 3106 527 6161 2066 3091 6676 6613 4630 7575 4664 4180 8730 3099 
319 6144 1280 9986 707 8133 7689 5762 79 9746 531 3092 4117 5142 6537 6746 1564 
320 4640 9729 8259 3 8243 4145 7720 843 8343 9772 7694 9743 7296 2595 5138 6147 9652 3607 5658 6716 2685 
321 8192 3584 9218 5163 4901 6663 5130 1415 2240 7949 2063 17 9746 4627 4311 28 2962 
322 2146 6659 2308 6661 520 6153 554 6827 1038 8207 7697 3604 3113 599 8794 
323 4096 8193 1611 9733 7942 9473 519 4646 2573 1070 9800 5458 1731 39 4027 1083 1052 
324 3073 770 5635 516 3205 7713 4104 1774 1296 4625 9347 9236 9744 409 6166 1051 5178 3700 
325 512 5122 8491 3109 9800 2569 4619 9260 9902 7215 1552 2066 4116 1006 7438 5146 6709 
327 6912 1027 2567 5674 8716 4110 4111 8720 6162 3075 6676 
328 9216 8193 4098 6827 8708 1032 4619 5133 9746 6164 9239 8216 1561 1562 9755 
329 8192 5121 7686 1537 7689 8714 4967 2962 2643 5652 87 6712 
332 8576 8225 2562 6662 3080 4106 3618 14 2576 6216 4628 2070 3928 7193 
333 2327 1121 4645 9265 7883 2060 8207 2064 2609 148 4118 1143 4121 9242 6198 8284 2077 8735 
334 5307 8197 6695 2600 1068 6156 1069 8719 8723 7221 7852 3608 1050 559 8284 37 8716 2565 
335 4160 6187 3079 10 8203 5645 14 5099 1979 531 2580 4270 4180 8730 7759 5148 2986 1567 
336 3329 3163 5153 7719 5131 7693 3086 3363 3089 2067 7190 5144 1979 9404 6685 
338 3584 1040 5123 8710 1031 3080 8713 2599 1036 8719 528 6161 2962 6179 7700 3926 2327 527 9049 6191 4639 
339 4096 8704 3074 3588 3982 9985 3593 9740 13 3502 8248 8210 2100 1557 1046 1560 8025 1343 
340 1538 7174 6153 6829 5646 4628 6165 553 5146 7196 4765 1055 
342 512 5296 8706 5636 4645 2662 1774 3936 7722 3628 2114 6670 528 7697 1042 3603 3763 36 6170 7733 
343 9761 6147 4134 4106 3500 6701 2062 5135 4112 4625 8022 6172 1053 
344 5248 5762 1668 8199 2568 7689 5642 1036 5138 2579 5655 6683 9759 8736 5639 3758 4658 8248 4159 6613 9818 7790 
346 2048 2562 4612 2569 4107 6668 3074 2062 2064 5650 1299 2077 2592 3623 1710 6537 76 6744 7517 8293 1026 1125 3175 3603 
347 3584 8704 2114 5123 5152 3936 9738 1035 8812 8205 7949 4340 7733 6296 2586 2588 542 
348 5634 3595 4647 521 6155 4867 7189 4121 1048 3417 3612 7742 7519 
349 6144 3936 6146 7716 2565 3110 6151 521 9930 8743 1774 1808 5880 9234 1364 8470 1369 88 6164 3077 
350 7180 4613 4614 9223 7688 1580 1066 7692 5134 8721 2068 4630 6687 4222 4511 
351 6657 1539 321 7173 5126 4647 5130 9901 7438 1647 9987 6324 9237 1558 6054 1121 5661 
352 1536 3328 8196 3589 4661 4129 8233 7883 5292 5133 7182 7280 5715 4628 1557 3161 9244 5125 
353 513 7203 4612 3589 4199 7240 9228 2062 9234 4628 321 3608 6649 9220 
354 5962 2595 3109 40 2570 6571 9740 7693 9742 9533 1067 1620 1049 3144 4116 569 2555 5661 4894 
356 8705 6690 4326 8878 6671 5136 3601 6674 9235 1046 535 5660 5151 
357 3586 5892 7179 6030 5135 3088 9746 4628 7189 1051 8220 1567 8742 4135 2600 2097 9908 9013 7737 2630 3932 7413 3830 
358 8192 545 7170 5635 1540 3590 1544 6154 7180 7695 8722 1044 447 3608 443 3836 7485 4639 
359 6657 9218 2053 518 9738 5821 6669 5149 17 7210 7413 4630 9239 5848 1049 6170 2813 8830 
360 2048 6176 5155 8748 1611 9740 8720 5138 1043 1108 5657 4185 7728 8220 7709 4639 
361 7714 1668 6661 4646 5671 7688 6064 9233 1554 3092 5653 7240 9241 5146 5150 
362 5155 546 939 8711 259 8812 2571 7762 5293 3074 2065 6674 7683 9236 3158 9848 24 2617 3427 2588 5662 
363 96 8193 6659 1540 3621 519 8232 8455 8227 9777 6258 9747 3094 5145 28 
364 1024 1058 7220 6692 6150 7 3113 524 558 1455 8883 1044 1590 979 9753 6174 4652 
365 5889 9730 7195 5637 8204 4286 529 7699 7700 9237 7190 7703 6939 9533 9374 
366 7744 6658 7172 8198 9224 2569 9643 7598 84 8281 5081 540 1028 
367 7680 513 2251 4100 1121 2049 7240 5412 9227 9644 8227 9743 3089 7699 9241 7200 2649 6063 135 1117 
369 1571 2564 3144 9738 8203 174 6159 1040 9234 3603 3604 24 6171 9244 
370 7234 9219 5125 8743 41 5898 12 15 4728 1906 3411 4660 9273 8248 857 29 
371 7169 8199 1032 177 6698 8107 1196 6159 4113 1554 7732 4629 6231 7736 
372 4640 321 5634 7685 10 1550 5775 528 3090 8910 6070 1624 7193 27 7711 
373 4624 5121 7771 3 9733 4102 1033 2615 3074 79 1552 1075 9238 535 9240 2586 5147 8125 
374 1795 5125 6342 2567 3596 2061 8207 1044 4118 1562 3077 
375 2049 3106 8195 2340 552 6666 523 3244 5645 1774 4717 5635 2611 563 2356 9237 7190 7732 8732 
376 3840 3184 7203 8134 4103 5160 5129 6154 4523 7180 8252 1040 5138 2069 3894 9129 5437 4124 1117 
377 6145 1282 517 5638 7681 5640 9225 4106 8719 9232 6482 6547 3094 3113 5146 
378 352 1057 2562 4099 1046 8711 2095 9483 1036 8205 4015 7696 5507 4661 6998 2121 6778 9307 2077 8133 
380 4416 7771 1571 3079 6889 8620 3758 2704 3089 5715 7700 4629 6678 4119 5656 3098 5371 2589 4126 
381 5632 4352 6146 4611 3877 7174 2305 7307 9133 9747 8406 1625 4728 8217 3101 4126 2591 
382 8224 4609 2051 1125 9990 9735 1585 6669 5437 6672 4113 2962 5665 7413 8730 1083 5660 6234 1279 
383 512 9216 7883 5637 5126 9930 6155 3244 3598 9743 6160 6257 2067 7192 
384 7172 6149 5126 1031 6666 9548 9229 1006 3119 8208 6675 3097 7707 9404 522 
385 1 8450 1731 8198 6161 5163 6668 8720 4433 2962 5140 6677 3606 56 4186 9756 8223 
386 3584 9216 6146 6403 3844 7782 1543 5129 4618 7692 1538 6674 5715 7701 1238 2615 9240 
387 32 2049 7153 7429 9222 4615 6665 6922 7180 7181 5646 6671 6161 8722 2673 8279 8223 
388 9728 1035 2060 6669 6162 8211 8213 25 5658 3613 7200 6699 4781 687 2608 2240 8269 8284 3936 2962 9968 7153 
390 9217 4098 3076 2209 5129 4618 2 3086 1553 2579 9748 9238 4985 5465 3612 
391 6656 4097 4194 1028 4326 935 1033 5130 7219 9986 7694 7791 19 3074 9007 
393 2 3894 7429 4102 5127 9224 4106 4267 2572 6658 8718 979 2580 5326 9750 8215 6771 
395 5120 7681 1091 516 6054 3111 5127 8716 6666 8203 6572 2061 321 9743 5251 5668 3 3584 8729 6170 1117 
396 2560 1030 3079 1034 7751 14 431 1555 7732 5047 569 7770 9595 7709 7242 
397 4608 8896 4354 2563 3588 8200 745 1548 5677 2704 3089 2066 7699 2114 2288 2135 5465 8730 5147 2077 
398 2594 4699 2052 7206 7175 1544 8233 6187 5133 7182 8208 1979 3163 4035 5141 2070 6743 5659 4539 5662 
399 5248 5121 9762 7331 2662 2096 1579 3144 3243 2224 9238 3287 537 5340 6174 4639 
400 8195 1540 6054 2566 2568 2615 9453 2062 1551 6675 6676 2581 6743 4212 6683 4637 4638 
401 1984 9218 9755 3590 1034 6156 3758 2066 8725 3094 5655 3608 4633 7195 3163 6687 
402 7680 2561 2306 8715 7172 6662 4615 3184 6571 9842 526 9231 560 8210 686 7413 
403 3104 5665 4098 2595 3079 3625 7690 8235 2092 6258 8718 7183 2064 1842 6198 3607 8248 3232 4636 4286 2555 
404 2560 1536 5507 3588 9733 4134 1607 8714 5643 8717 1006 5649 6547 4110 8729 7189 
405 8193 2594 8195 3172 6917 2566 3591 8744 7210 3240 8910 9903 2128 2097 3 8431 6327 4664 1563 4125 
406 7168 2561 3083 4612 5125 4614 321 3819 8204 1038 2577 3603 3606 5412 1117 7198 
408 7681 4099 4101 8710 9735 7240 2121 10 1708 9231 4176 5137 2068 9013 2673 8728 4377 6778 2597 
410 4609 3586 6659 773 6401 3082 6156 9389 7759 116 597 4121 4286 3125 
413 3232 9968 5636 7206 1542 321 9736 2570 7691 7791 7725 4623 7696 552 5459 4119 6148 9243 9756 
414 5696 2 3587 4 519 6152 4647 7722 3595 7087 7702 1562 7196 
415 2049 4194 9764 1031 9224 2569 5642 7883 9743 9968 4114 5655 9816 8751 8367 7196 
416 1280 4133 8231 2055 4619 2605 9007 6672 4625 3092 6166 23 537 4955 541 3830 
417 2048 4865 6147 7429 5064 4109 2478 2336 9265 3609 5977 2588 2109 
418 5121 516 1029 8743 8 6153 4109 5135 9747 2327 1368 5668 4027 
419 9249 6181 7174 3244 6666 9766 7180 7086 3887 1554 5652 3158 105 8248 5674 
420 513 5634 7172 3077 6153 1794 7183 7699 6164 537 2583 1668 9135 5660 6175 7721 6191 5808 6198 5053 5702 2643 
421 4096 5155 3589 1031 4137 4106 5383 2060 2738 9742 8431 4113 2066 1091 4679 56 2109 1055 
422 9728 5120 9731 2052 9736 9738 1547 8620 686 8208 904 8792 2240 
423 512 6144 6658 523 1476 2561 3592 6665 6315 9196 5869 9347 90 7771 3612 
424 8704 3329 8707 8196 7795 3593 6666 935 2240 1549 7438 8208 1066 9757 6174 
425 5122 8202 9739 6156 9218 7694 4623 4624 8723 5141 1558 6168 7706 9247 7206 8743 3758 1979 700 321 7751 84 
426 6690 7153 4644 7685 1105 519 3530 524 46 9743 7697 6163 3982 6327 7791 1628 3146 4286 8741 
427 9730 8195 5636 3633 3144 1033 2571 1038 9745 6162 9299 1558 412 8733 6687 
428 6913 7682 7652 4613 6153 9227 7692 1038 3119 2578 8622 6679 8216 7193 8730 
429 512 3840 3587 1984 2567 8 2601 6187 7181 7652 3521 2739 7189 5880 3097 541 6613 
430 3585 2 3843 8193 7206 9729 2602 8775 526 5135 79 3604 8729 5663 1564 2986 7263 
432 5643 3585 5163 2583 3081 7210 2059 2572 3090 8214 23 5656 5658 539 28 2906 3102 
433 8704 9217 7685 9131 1037 7182 2589 4624 7186 3982 4855 1145 2607 9053 
434 7202 6147 3077 3590 9735 1546 8363 3085 2064 2611 8724 3094 2711 8728 1574 3543 1565 3326 1893 
435 5637 4314 3753 1066 3597 6670 9265 4658 1043 3093 6166 8216 7513 7002 4635 3100 37 7685 
436 34 2052 5125 2601 10 9773 6670 6160 4657 1715 4170 6270 2121 5655 8723 4340 1051 7709 2590 3498 
437 5632 6656 75 8193 2055 8744 5129 6154 1607 9248 7854 5651 4120 3099 9820 8735 
438 7681 3074 4075 3593 2571 6668 9842 2990 7212 6187 7186 8793 2587 6174 
439 4609 1538 6659 4 7687 6695 8714 171 6157 4623 6744 
440 3584 9762 8739 9764 7685 1542 9777 6696 5131 9765 527 7856 5137 23 3160 8491 7864 6687 
441 3072 7169 6659 1028 5637 3728 4615 2058 2962 9742 3600 9842 8791 4314 8217 538 9253 7204 
442 8193 5666 1540 549 8711 3656 925 10 2322 5677 1553 1042 9842 2580 8737 5146 28 6458 979 4341 
443 1569 7170 518 8719 9232 7697 5138 6677 8726 535 3608 2607 26 9135 9244 7741 
444 3 8196 5128 5132 3595 9388 4621 1038 5715 6675 5524 4664 4633 9075 
445 3106 1537 7682 259 9732 8711 5980 8202 2060 9218 7599 6179 4628 4311 5656 8196 3612 8226 
446 3072 8705 1058 4611 5156 4645 9222 2087 523 2097 2555 6613 7736 6168 9753 9051 6684 1125 9758 8293 
447 8832 9249 2082 9571 4615 6154 6695 4620 6669 8251 1555 5748 3607 1563 3100 
449 2080 4640 5762 3107 7940 9734 199 8201 4151 7183 4112 8210 9235 7700 2583 8218 2555 7199 
450 7200 2081 4610 5891 8199 5640 6153 2155 5666 3630 9261 5193 4151 9848 9305 27 8733 1583 
451 9728 427 9222 6666 7083 9260 525 1038 6479 1553 9013 5748 7733 5654 6584 1593 7861 1055 
452 9728 6059 8197 808 8714 1035 525 527 2327 7698 3604 7285 534 1561 5880 3929 4377 4901 
453 4097 3 1796 550 3590 2561 9738 8715 4108 8878 4107 75 7699 7188 154 5674 
456 5888 6659 6663 1544 6155 7468 2962 5899 6160 529 7698 4099 1556 9244 
457 1984 7201 2155 1539 552 6441 9290 8491 5748 6147 9684 8215 6327 4660 5146 9756 6685 
458 7680 2049 6659 8708 2070 4102 7720 9930 518 7652 8797 7696 5138 20 4694 8212 7195 3012 8733 
459 512 8705 3074 9219 1984 7782 4641 8714 4679 5678 9743 2704 8209 6163 1367 8216 6172 542 6687 
460 4097 7170 8422 9223 7883 6658 79 9744 4625 4114 6163 6166 4639 
463 2114 1539 5156 5637 871 5194 9612 7181 8207 2577 1554 8723 1047 4632 3098 5386 3102 6175 
464 5668 5656 7175 521 8780 9229 7725 8368 4177 8245 8216 4440 858 9758 
466 8706 3083 1540 8709 7687 5640 3593 1451 3598 3089 5141 9848 6712 267 3163 8235 3125 
467 512 3792 9218 6661 5128 2121 6155 5634 3086 9807 9936 7187 7701 6680 8221 
469 2560 512 5636 5152 3080 522 4311 8812 9230 9745 2611 8228 6073 2585 26 5660 1567 
470 6656 6146 5124 6661 1030 520 2569 8202 5655 5644 2574 7153 6231 8728 
471 9729 4611 9476 3077 8387 4615 6154 4523 1036 3501 9742 5648 9795 7732 4801 3099 8733 
472 1537 8194 8387 4100 517 7233 520 5133 1134 530 7762 1045 5882 8284 
473 3072 8227 1026 6659 6150 5133 4110 3087 2480 7697 9235 21 2072 2073 1117 
474 5120 1121 3586 5636 2566 9 6156 6178 3074 9231 2065 7186 7699 20 5762 4985 2074 
475 3936 7169 8706 1539 2085 4326 4124 2221 6062 8721 8180 5307 1047 7736 1145 3291 508 
476 7683 4613 776 5130 5132 6030 6671 3088 2578 5123 1560 1562 545 9138 4658 7732 1607 7768 9049 7266 5219 3837 
477 8195 3109 9222 7719 7208 2058 139 7692 7342 9007 5768 9746 7715 4120 1369 9930 2589 
478 9761 1574 4102 8711 5129 2058 6327 4140 3597 8749 2065 4627 5748 7221 8345 6169 7946 9820 7434 
479 6699 2051 5124 9265 7176 4620 2571 6060 3085 205 2608 536 9800 9533 6166 3416 8125 
480 1 7170 3012 8710 1542 2892 3164 4618 9036 7698 1552 2577 9394 7701 8005 4760 4314 4124 853 
482 0 4609 514 9732 6661 529 7688 1668 5646 5647 2704 8081 7186 1625 6428 
483 545 2 3530 5463 3618 3758 79 4561 1556 1047 6168 8731 6172 7199 
484 8576 7169 2050 2595 1984 358 8 6156 5133 2575 529 6280 527 2555 
485 6144 9729 1540 9834 4129 6280 8233 9738 5962 2288 5135 7184 7699 8596 1045 3415 4612 7178 
487 5152 7201 5123 5783 7183 8209 9234 1557 4119 24 8218 3611 1077 
488 5632 4096 8707 3936 3105 6 7697 4808 2121 2327 7880 9742 7791 2056 530 2580 5655 5880 
489 8705 7684 7685 9223 6666 4111 9232 1554 8723 8213 2070 345 1562 
492 9728 32 5 9222 7175 7688 2734 9392 9649 6258 8723 4180 3096 5147 7740 447 
493 8192 321 3012 1542 9735 9225 7690 13 1038 1551 7184 6161 6613 7703 4664 8794 
494 6658 6660 4101 1542 6216 5132 5136 9745 8722 3603 2078 6678 7769 4100 
496 9728 7968 4611 517 9222 9737 7762 5135 5649 18 3 3032 4664 4121 1083 3717 
498 3584 514 2598 8711 8713 8715 6156 7682 5679 2579 6677 1047 9754 9243 
499 3073 8707 1579 5637 9734 8449 2059 614 9742 8431 4112 4625 19 935 8495 2685 