100
0 4097 3 2053 6153 4106 4107 8204 14 9231 3075 6166 25 2076 6685 8222 3104 33 6178 2083 4133 2089 4139 48 51 53 4150 4155 8202 2110 6207 8257 6210 2115 4168 8266 4172 77 4177 6226 6228 6231 2136 4188 8285 8286 4191 8288 4194 2148 2149 8294 103 2153 2154 2157 2160 4209 115 6264 6268 8317 4226 4118 2182 6281 4234 143 147 2198 8343 2200 4251 2208 161 2210 4259 2213 2215 6315 4271 178 1719 8376 8382 2240 4290 9930 5835 5666 6350 4301 4643 2261 4642 846 5479 6505 8258 3483 5116 
1 2045 
2 2045 
3 2045 
4 2045 
5 2045 
6 2045 
7 2045 
8 2045 
9 2045 
10 2045 
11 2045 
12 2045 
13 2045 
14 2045 
15 2045 
16 2045 
17 2045 
18 2045 
19 2045 
20 2045 
21 2045 
22 2045 
23 2045 
24 2045 
25 2045 
26 2045 
27 2045 
28 2045 
29 2045 
30 2045 
31 2045 
32 2045 
33 2045 
34 2045 
35 2045 
36 2045 
37 2045 
38 2045 
39 2045 
40 2045 
41 2045 
42 2045 
43 2045 
44 2045 
45 2045 
46 2045 
47 2045 
48 2045 
49 2045 
50 2045 
51 2045 
52 2045 
53 2045 
54 2045 
55 2045 
56 2045 
57 2045 
58 2045 
59 2045 
60 2045 
61 2045 
62 2045 
63 2045 
64 2045 
65 2045 
66 2045 
67 2045 
68 2045 
69 2045 
70 2045 
71 2045 
72 2045 
73 2045 
74 2045 
75 2045 
76 2045 
77 2045 
78 2045 
79 2045 
80 2045 
81 2045 
82 2045 
83 2045 
84 2045 
85 2045 
86 2045 
87 2045 
88 2045 
89 2045 
90 2045 
91 2045 
92 2045 
93 2045 
94 2045 
95 2045 
96 2045 
97 2045 
98 2045 
99 2045 