67
1 0 1 2 3 4 5 6 7 8 9 10 11 12 13 14 15 16 17 18 19 20 21 22 23 24 25 26 27 28 29 30 31 32 33 35 37 62 404 
2 0 1 2 3 4 5 6 7 8 9 10 11 12 13 14 15 16 17 18 19 20 21 22 23 24 26 27 28 29 30 31 32 33 34 35 37 63 
3 72 
5 0 1 2 3 4 5 6 7 8 10 11 12 13 14 15 16 17 18 19 20 21 22 23 24 25 26 27 28 29 30 31 32 34 35 37 6698 155 61 621 1263 120 
7 0 1 2 3 4 5 6 7 8 9 10 11 12 13 14 15 16 17 18 19 20 21 22 23 24 25 26 27 28 29 30 31 32 33 36 176 252 
9 0 1 2 3 4 5 6 7 8 9 10 11 12 13 14 15 16 17 18 19 20 21 22 23 24 25 26 27 28 29 30 31 32 33 35 37 176 138 62 
10 0 1 2 3 4 5 6 7 8 9 10 11 12 13 14 15 16 17 18 19 20 21 22 23 24 25 26 27 28 30 31 32 33 34 35 138 65 2848 
11 0 1 2 3 4 5 6 7 8 9 10 11 12 13 14 15 16 17 18 19 20 21 22 23 24 25 26 28 29 30 31 32 33 35 37 57 69 
12 0 1 2 3 4 5 6 7 8 9 10 11 12 13 14 15 16 17 18 19 20 21 22 23 24 25 26 27 28 29 30 31 32 33 6178 35 37 1310 138 63 
14 0 1 2 3 4 5 7 8 9 10 11 12 14 2063 16 17 18 19 20 21 22 24 25 26 27 28 29 30 31 32 34 35 36 37 38 41 58 138 708 69 
15 0 1 2 3 4 5 6 7 8 9 10 11 12 13 14 15 16 17 18 19 20 21 22 23 24 25 26 27 28 29 31 32 33 34 138 69 7585 
17 0 1 2 3 4 5 6 7 8 9 10 11 12 13 14 15 16 17 18 19 20 21 22 23 24 25 26 28 29 30 31 32 33 35 37 57 138 69 
18 0 1 2 3 4 5 4102 7 8 9 10 11 12 13 14 15 16 17 18 19 20 21 22 23 24 25 26 27 28 29 2078 31 32 33 35 176 138 62 7984 120 
20 0 1 2 3 4 5 6 7 8 9 10 11 12 13 14 15 16 17 18 19 20 21 22 23 24 25 26 27 28 30 31 32 33 35 36 37 57 2591 1290 4171 120 126 
21 0 1 2 3 4 5 6 7 8 9 10 11 12 13 14 15 16 17 18 19 20 21 22 23 24 25 26 27 28 29 30 31 32 33 35 37 176 4247 62 2848 2264 
22 0 1 2 3 4 5 6 7 8 9 10 11 12 14 15 16 17 18 19 20 21 22 23 25 26 27 28 29 30 31 32 33 34 35 37 38 1310 1290 69 
24 0 1 2 3 4 5 6 7 8 9 10 11 12 13 14 15 16 4113 18 19 20 21 22 23 4120 25 26 27 28 30 31 32 33 35 37 6698 138 
26 0 1 2 3 4 5 6 7 8 9 10 11 12 13 14 15 16 17 18 19 20 21 22 23 24 25 26 27 28 29 30 31 32 33 35 37 3110 554 138 62 
27 0 1 2 3 4 5 6 7 8 9 10 11 12 13 14 15 16 17 18 19 20 21 22 23 24 25 26 27 28 29 30 31 32 33 35 37 176 138 62 
31 1 2 3 4 5 6 7 8 9 10 11 12 13 14 15 16 17 18 19 20 21 22 23 24 25 26 27 28 29 30 31 6176 33 34 37 63 
32 0 1 2 3 4 5 6 7 8 9 10 11 12 13 14 15 16 17 18 19 20 21 22 23 24 25 26 27 28 29 30 31 32 33 35 37 2076 138 62 5921 
33 0 1 2 3 4 5 6 7 8 9 10 2059 12 13 14 15 16 17 18 19 20 21 22 23 24 25 26 27 28 29 30 31 32 33 35 6656 
34 0 1 2 3 4 5 6 7 8 9 10 11 12 13 14 15 16 17 18 19 20 21 22 24 25 26 27 28 29 30 31 32 33 34 155 138 63 2153 
35 0 2 3 4 6 7 8 10 11 12 13 14 16 17 18 20 25 27 28 29 31 32 33 35 36 37 39 41 42 43 44 45 61 69 
36 2600 3632 1713 1589 87 312 3706 
37 0 1 2 3 4 5 6 7 8 9 10 11 12 13 14 15 16 17 18 19 20 21 22 23 24 25 26 27 28 29 30 31 32 33 35 57 63 69 1737 3097 
39 0 1 2 3 5 6 7 8 9 10 11 12 13 14 15 16 17 18 19 20 21 22 23 24 25 26 27 28 29 30 31 32 33 34 35 1671 63 5921 
40 2208 65 354 5409 33 104 9 362 1292 642 1345 353 48 168 904 1104 86 216 6554 347 62 
41 0 1 2 3 4 5 6 7 8 9 10 11 12 13 14 15 16 17 18 19 20 21 22 23 24 25 26 27 28 29 30 31 32 33 35 37 554 4142 62 
42 0 1 2 3 4 5 6 7 8 9 10 11 12 13 14 15 16 17 18 19 20 21 22 23 24 2052 26 27 2076 29 30 31 32 34 35 36 37 155 708 
45 0 1 2 3 4 5 6 7 8 9 10 11 12 13 14 15 16 17 18 4115 20 21 22 23 24 25 26 27 28 29 30 31 2080 33 35 37 57 138 2120 867 
46 0 1 2 3 4 5 6 7 8 9 10 11 12 13 14 15 16 17 18 19 20 21 22 23 24 25 26 27 28 29 30 31 32 33 36 1502 121 
47 0 1 2 3 4 5 6 7 8 9 10 11 12 13 14 15 16 17 18 19 20 21 22 23 24 25 26 27 28 29 30 31 32 33 3106 35 37 62 583 2264 
48 0 1 2 3 4 5 6 7 8 9 10 11 12 13 14 15 16 17 18 19 20 21 22 23 24 25 26 27 28 29 30 31 33 34 35 138 63 
49 8450 138 276 24 25 27 413 32 291 46 175 433 51 438 441 58 4507 317 62 2656 333 209 419 88 93 224 81 360 106 747 118 120 508 7677 
51 0 1 2 3 4 5 6 7 8 9 10 11 12 13 14 15 16 17 18 19 20 21 22 23 24 25 26 27 28 29 30 31 32 33 35 37 63 468 725 2148 
53 0 1 2 3 4 5 6 7 8 9 10 11 12 13 14 15 16 17 18 19 20 21 22 23 24 25 26 27 28 30 32 34 35 36 37 38 41 58 138 69 583 
55 0 1 2 3 4 5 6 7 8 9 10 11 12 13 14 15 16 17 18 19 20 21 22 23 24 25 26 27 28 29 30 31 32 33 36 3244 4148 138 1737 6887 
56 0 1 2 3 4 5 6 7 8 9 10 11 12 13 14 15 16 17 18 19 20 21 22 23 24 25 26 27 28 29 30 31 32 33 35 37 62 8402 2264 
57 0 1 2 3 4 5 6 7 8 9 10 11 12 13 14 15 16 17 18 19 20 21 22 23 24 25 26 27 28 29 30 31 32 33 35 2085 62 708 583 2120 
62 0 1 2 3 4 5 6 7 8 9 10 11 12 13 14 15 16 17 18 19 20 21 22 23 24 25 26 27 28 29 30 31 33 34 35 1310 138 63 
63 0 1 2 3 4 5 6 7 8 9 10 11 12 13 14 15 16 17 18 19 20 21 22 23 24 25 26 27 28 29 30 31 32 33 35 37 138 63 120 148 
64 0 1 2 3 4 5 6 7 8 9 10 11 12 13 14 15 16 17 18 19 20 21 22 23 24 25 26 27 28 29 30 31 32 33 36 69 1737 621 9584 
65 4357 263 394 1422 3860 4119 26 39 50 434 51 8886 2239 193 80 337 729 484 488 125 372 89 253 1023 
66 0 1 2 3 4 5 6 7 8 9 10 11 12 13 14 15 16 17 18 19 20 21 22 23 24 25 26 27 28 29 30 31 32 33 35 37 4148 138 63 155 4347 
67 0 1 2 6147 4 5 6 7 8 9 10 11 12 13 14 15 16 17 18 19 20 21 22 23 24 25 26 27 28 29 30 31 32 33 34 35 69 
68 0 1 2 3 4 5 6 7 8 9 10 11 12 13 14 15 16 17 18 6163 20 21 22 23 24 25 26 27 28 29 30 31 32 33 35 37 6188 65 
71 0 1 2 3 4 5 6 7 8 9 10 11 12 13 14 15 16 17 18 19 20 21 22 23 25 26 27 28 29 30 31 32 33 34 35 120 
72 192 1094 6 72 492 74 76 6190 1519 243 1076 789 1687 819 61 
74 0 1 2 3 4 5 6 7 4104 9 10 11 12 13 14 15 16 17 18 19 20 4117 22 23 24 25 26 27 28 29 30 31 32 35 37 58 63 621 
75 0 1 2 3 4 5 6 7 8 9 10 11 12 13 15 16 17 18 19 20 6165 22 23 24 25 26 27 28 29 30 32 33 34 35 36 1671 155 
76 0 1 2 3 4 5 6 7 8 9 10 11 12 13 14 15 16 17 18 19 20 21 22 23 24 25 26 27 28 29 30 31 32 33 35 37 155 62 2060 
78 0 1 2 3 4 5 6 7 8 9 10 11 12 13 14 15 16 17 18 19 20 21 22 23 24 25 26 27 28 29 30 31 32 33 35 37 184 138 63 126 
80 0 1 2 3 4 5 6 7 8 9 10 11 12 13 14 15 16 17 18 19 20 21 22 23 24 25 26 27 28 29 30 31 32 33 3106 35 37 138 62 968 
81 0 1 2 3 4 5 6 7 8 9 10 11 12 13 14 15 16 17 18 19 20 21 22 23 24 25 26 27 28 29 30 31 32 33 35 37 138 4106 
82 0 1 3 4 5 6 7 8 9 10 11 12 13 14 15 16 17 19 20 21 22 23 3097 26 28 29 30 31 33 36 37 38 39 40 41 1671 44 57 138 63 
83 0 1 2 3 4 5 6 7 8 9 10 11 12 13 14 15 16 17 18 19 20 21 23 4120 25 26 27 28 2078 31 32 6177 34 35 3244 63 69 
84 0 1 2 3 4 5 6 7 8 9 10 12 13 14 15 16 17 18 19 20 21 22 23 24 25 26 27 28 29 30 2053 32 6049 34 35 36 37 38 138 
86 0 1 2 3 4 5 6 7 8 9 10 11 12 13 14 15 16 17 18 19 20 21 22 23 24 25 26 27 28 29 30 31 32 33 35 37 62 485 
88 0 1 2 3 4 5 6 7 8 9 10 11 12 13 14 15 16 17 18 19 20 21 22 23 24 25 26 27 28 29 30 31 35 37 155 7117 4189 232 115 
90 0 1 2 3 4 5 6 7 8 9 10 11 12 13 14 15 16 17 18 19 21 22 23 24 25 26 27 28 29 30 31 32 33 34 155 554 65 4171 
91 0 1 2 3 4 5 6 7 8 9 10 11 12 13 15 16 17 18 19 20 21 22 23 2072 2052 26 27 28 29 30 32 33 35 3244 176 138 63 3271 83 7406 120 
92 0 1 2 3 4 5 6 7 8 9 10 11 12 13 14 15 16 17 18 19 20 21 22 23 24 25 26 27 28 29 30 31 32 33 35 37 176 62 3097 
96 2527 285 21 29 
97 0 1 2 3 4 5 6 7 8 9 10 11 12 13 14 15 16 17 18 19 20 21 22 23 24 26 27 28 29 30 31 32 33 34 35 37 63 
98 0 1 2 3 4 5 6 7 8 9 10 11 12 13 14 15 16 17 18 19 20 21 22 23 24 25 26 27 28 29 30 31 32 33 35 37 797 4157 69 3097 
99 0 1 2 3 4 5 6 4615 8 9 10 11 12 13 14 15 16 17 18 19 20 21 22 23 24 25 26 27 28 7 50 1593 69 76 82 7641 6772 